[2019-04-11T20:04:03.020] [INFO] default - admin 加入了 room1
[2019-04-11T20:04:03.023] [INFO] default - admin 加入了 room1
[2019-04-11T20:04:26.318] [INFO] default - admin 退出了 room1
[2019-04-11T20:04:26.323] [INFO] default - admin 加入了 room1
[2019-04-11T20:04:26.324] [INFO] default - admin 加入了 room1
[2019-04-11T20:05:56.057] [INFO] default - admin 加入了 room1
[2019-04-11T20:12:24.288] [INFO] default - admin 加入了 room1
[2019-04-11T20:13:10.103] [INFO] default - { __v: 0,
  username: 'admin-room2',
  roomInfo: '0',
  _id: 5caf2f5573942645e401dc76 }
[2019-04-11T20:13:10.105] [INFO] default - { __v: 0,
  username: 'admin-room1',
  roomInfo: '0',
  _id: 5caf2f5573942645e401dc75 }
[2019-04-11T20:15:28.161] [INFO] default - admin 退出了 room1
[2019-04-11T20:15:30.779] [INFO] default - admin 加入了 room1
[2019-04-11T20:15:30.780] [INFO] default - admin 加入了 room1
[2019-04-11T20:16:08.934] [INFO] default - success
[2019-04-11T20:16:44.145] [INFO] default - admin 加入了 room1
[2019-04-11T20:23:57.895] [INFO] default - admin 退出了 room1
[2019-04-11T20:24:01.910] [INFO] default - admin 加入了 room1
[2019-04-11T20:24:01.911] [INFO] default - admin 加入了 room1
[2019-04-11T20:24:02.792] [INFO] default - admin 加入了 room1
[2019-04-11T20:24:02.795] [INFO] default - admin 加入了 room1
[2019-04-11T20:24:08.225] [INFO] default - admin 退出了 room1
[2019-04-11T20:24:09.896] [INFO] default - admin 加入了 room1
[2019-04-11T20:24:09.897] [INFO] default - admin 加入了 room1
[2019-04-11T20:24:53.585] [INFO] default - admin 退出了 room1
[2019-04-11T20:24:57.362] [INFO] default - admin 加入了 room1
[2019-04-11T20:24:57.362] [INFO] default - admin 加入了 room1
[2019-04-11T20:24:59.159] [INFO] default - admin 加入了 room1
[2019-04-11T20:24:59.162] [INFO] default - admin 加入了 room1
[2019-04-11T20:25:30.565] [INFO] default - { __v: 0,
  username: 'admin',
  src: '//s3.qiufengh.com/avatar/11.jpeg',
  roomid: 'room1',
  _id: 5caf323a73942645e401dc77,
  time: 2019-04-11T12:25:30.500Z,
  img: '',
  msg: 'nihao' }
[2019-04-11T20:29:57.270] [INFO] default - { __v: 0,
  username: 'admin',
  src: '//s3.qiufengh.com/avatar/11.jpeg',
  roomid: 'room1',
  _id: 5caf334573942645e401dc78,
  time: 2019-04-11T12:29:57.265Z,
  img: '',
  msg: '啦啦' }
[2019-04-11T20:31:24.493] [INFO] default - admin 退出了 room1
[2019-04-11T20:31:27.535] [INFO] default - admin 加入了 room1
[2019-04-11T20:31:27.536] [INFO] default - admin 加入了 room1
[2019-04-11T20:32:55.196] [INFO] default - admin 退出了 room1
[2019-04-11T20:32:56.797] [INFO] default - admin 加入了 room1
[2019-04-11T20:33:00.074] [INFO] default - admin 退出了 room1
[2019-04-11T20:34:11.077] [INFO] default - admin 加入了 room1
[2019-04-12T09:18:45.810] [INFO] default - { __v: 0,
  username: 'admin-room1',
  roomInfo: '0',
  _id: 5cafe775d8f6942eb023bd69 }
[2019-04-12T09:18:45.814] [INFO] default - { __v: 0,
  username: 'admin-room2',
  roomInfo: '0',
  _id: 5cafe775d8f6942eb023bd6a }
